0 info it worked if it ends with ok
1 verbose cli [ '/usr/local/bin/node', '/usr/local/bin/npm', 'publish' ]
2 info using npm@3.10.3
3 info using node@v6.7.0
4 verbose publish [ '.' ]
5 silly cache add args [ '.', null ]
6 verbose cache add spec .
7 silly cache add parsed spec Result {
7 silly cache add   raw: '.',
7 silly cache add   scope: null,
7 silly cache add   escapedName: null,
7 silly cache add   name: null,
7 silly cache add   rawSpec: '.',
7 silly cache add   spec: '/Users/hemei/workspace/npm/dubbo-node-service',
7 silly cache add   type: 'directory' }
8 verbose addLocalDirectory /Users/hemei/.npm/antoniahe/1.0.1/package.tgz not in flight; packing
9 verbose correctMkdir /Users/hemei/.npm correctMkdir not in flight; initializing
10 info lifecycle antoniahe@1.0.1~prepublish: antoniahe@1.0.1
11 silly lifecycle antoniahe@1.0.1~prepublish: no script for prepublish, continuing
12 verbose tar pack [ '/Users/hemei/.npm/antoniahe/1.0.1/package.tgz',
12 verbose tar pack   '/Users/hemei/workspace/npm/dubbo-node-service' ]
13 verbose tarball /Users/hemei/.npm/antoniahe/1.0.1/package.tgz
14 verbose folder /Users/hemei/workspace/npm/dubbo-node-service
15 verbose addLocalTarball adding from inside cache /Users/hemei/.npm/antoniahe/1.0.1/package.tgz
16 verbose correctMkdir /Users/hemei/.npm correctMkdir not in flight; initializing
17 silly cache afterAdd antoniahe@1.0.1
18 verbose afterAdd /Users/hemei/.npm/antoniahe/1.0.1/package/package.json not in flight; writing
19 verbose correctMkdir /Users/hemei/.npm correctMkdir not in flight; initializing
20 verbose afterAdd /Users/hemei/.npm/antoniahe/1.0.1/package/package.json written
21 silly publish { name: 'antoniahe',
21 silly publish   version: '1.0.1',
21 silly publish   description: 'node调用dubbo服务',
21 silly publish   main: 'index.js',
21 silly publish   scripts: { test: 'echo "Error: no test specified" && exit 1' },
21 silly publish   repository:
21 silly publish    { type: 'git',
21 silly publish      url: 'git+https://github.com/AntoniaHE/dubbo-node-service.git' },
21 silly publish   keywords: [ 'dubbo', 'node' ],
21 silly publish   author: { name: 'antonia he' },
21 silly publish   license: 'ISC',
21 silly publish   bugs: { url: 'https://github.com/AntoniaHE/dubbo-node-service/issues' },
21 silly publish   homepage: 'https://github.com/AntoniaHE/dubbo-node-service#readme',
21 silly publish   readme: 'ERROR: No README data found!',
21 silly publish   _id: 'antoniahe@1.0.1',
21 silly publish   _shasum: 'e2af67f41f103a2a5251699f2073faf70abb0221',
21 silly publish   _from: '.' }
22 verbose getPublishConfig undefined
23 silly mapToRegistry name antoniahe
24 silly mapToRegistry using default registry
25 silly mapToRegistry registry https://registry.npmjs.org/
26 silly mapToRegistry data Result {
26 silly mapToRegistry   raw: 'antoniahe',
26 silly mapToRegistry   scope: null,
26 silly mapToRegistry   escapedName: 'antoniahe',
26 silly mapToRegistry   name: 'antoniahe',
26 silly mapToRegistry   rawSpec: '',
26 silly mapToRegistry   spec: 'latest',
26 silly mapToRegistry   type: 'tag' }
27 silly mapToRegistry uri https://registry.npmjs.org/antoniahe
28 verbose publish registryBase https://registry.npmjs.org/
29 silly publish uploading /Users/hemei/.npm/antoniahe/1.0.1/package.tgz
30 verbose request uri https://registry.npmjs.org/antoniahe
31 verbose request sending authorization for write operation
32 info attempt registry request try #1 at 14:28:35
33 verbose request using bearer token for auth
34 verbose request id 70aaaa795c2bf611
35 http request PUT https://registry.npmjs.org/antoniahe
36 http 403 https://registry.npmjs.org/antoniahe
37 verbose headers { date: 'Tue, 14 Aug 2018 06:28:39 GMT',
37 verbose headers   'content-type': 'application/json',
37 verbose headers   'transfer-encoding': 'chunked',
37 verbose headers   connection: 'keep-alive',
37 verbose headers   'set-cookie': [ '__cfduid=d38d70ef6df6aaa9e10f83d98fe8e7ce61534228119; expires=Wed, 14-Aug-19 06:28:39 GMT; path=/; domain=.registry.npmjs.org; HttpOnly' ],
37 verbose headers   'cf-ray': '44a15cd05a4d99c7-LAX',
37 verbose headers   'expect-ct': 'max-age=604800, report-uri="https://report-uri.cloudflare.com/cdn-cgi/beacon/expect-ct"',
37 verbose headers   server: 'cloudflare',
37 verbose headers   'content-encoding': 'gzip' }
38 verbose request invalidating /Users/hemei/.npm/registry.npmjs.org/antoniahe on PUT
39 error publish Failed PUT 403
40 verbose stack Error: you must verify your email before publishing a new package: https://www.npmjs.com/email-edit : antoniahe
40 verbose stack     at makeError (/usr/local/lib/node_modules/npm/node_modules/npm-registry-client/lib/request.js:264:12)
40 verbose stack     at CachingRegistryClient.<anonymous> (/usr/local/lib/node_modules/npm/node_modules/npm-registry-client/lib/request.js:252:14)
40 verbose stack     at /usr/local/lib/node_modules/npm/node_modules/npm-registry-client/lib/request.js:178:7
40 verbose stack     at Gunzip.onEnd (zlib.js:227:5)
40 verbose stack     at emitNone (events.js:91:20)
40 verbose stack     at Gunzip.emit (events.js:185:7)
40 verbose stack     at endReadableNT (_stream_readable.js:974:12)
40 verbose stack     at _combinedTickCallback (internal/process/next_tick.js:74:11)
40 verbose stack     at process._tickCallback (internal/process/next_tick.js:98:9)
41 verbose statusCode 403
42 verbose pkgid antoniahe
43 verbose cwd /Users/hemei/workspace/npm/dubbo-node-service
44 error Darwin 17.7.0
45 error argv "/usr/local/bin/node" "/usr/local/bin/npm" "publish"
46 error node v6.7.0
47 error npm  v3.10.3
48 error code E403
49 error you must verify your email before publishing a new package: https://www.npmjs.com/email-edit : antoniahe
50 error If you need help, you may report this error at:
50 error     <https://github.com/npm/npm/issues>
51 verbose exit [ 1, true ]
